{
  "RSpec": {
    "coverage": {
      "/Users/robertyang/Desktop/Dev Bootcamp/Repositories/phase-3/Kendrick/spec/controllers/genres_controller_spec.rb": [
        1,
        null,
        1,
        2,
        null,
        1,
        1,
        1,
        1,
        null,
        null,
        null,
        1,
        1,
        1,
        1,
        null,
        null,
        null,
        null
      ],
      "/Users/robertyang/Desktop/Dev Bootcamp/Repositories/phase-3/Kendrick/spec/rails_helper.rb": [
        null,
        1,
        1,
        1,
        1,
        null,
        null,
        null,
        null,
        null,
        null,
        null,
        null,
        null,
        null,
        null,
        null,
        null,
        null,
        null,
        null,
        null,
        null,
        null,
        1,
        null,
        1,
        null,
        1,
        null,
        null,
        null,
        null,
        1,
        null,
        null,
        null,
        null,
        null,
        null,
        null,
        null,
        null,
        null,
        null,
        null,
        null,
        null,
        1,
        null
      ],
      "/Users/robertyang/Desktop/Dev Bootcamp/Repositories/phase-3/Kendrick/config/environment.rb": [
        null,
        1,
        null,
        null,
        1
      ],
      "/Users/robertyang/Desktop/Dev Bootcamp/Repositories/phase-3/Kendrick/config/application.rb": [
        1,
        null,
        null,
        1,
        1,
        1,
        1,
        1,
        1,
        null,
        null,
        null,
        null,
        1,
        null,
        1,
        1,
        1,
        1,
        null,
        null,
        null,
        null,
        null,
        null,
        1,
        null,
        null,
        null
      ],
      "/Users/robertyang/Desktop/Dev Bootcamp/Repositories/phase-3/Kendrick/config/boot.rb": [
        null,
        1,
        null,
        1
      ],
      "/Users/robertyang/Desktop/Dev Bootcamp/Repositories/phase-3/Kendrick/config/environments/test.rb": [
        1,
        null,
        null,
        null,
        null,
        null,
        null,
        1,
        null,
        null,
        null,
        null,
        1,
        null,
        null,
        1,
        1,
        null,
        null,
        1,
        1,
        null,
        null,
        1,
        null,
        null,
        1,
        null,
        null,
        null,
        null,
        1,
        null,
        null,
        1,
        null,
        null,
        null,
        null
      ],
      "/Users/robertyang/Desktop/Dev Bootcamp/Repositories/phase-3/Kendrick/config/initializers/assets.rb": [
        null,
        null,
        null,
        1,
        null,
        null,
        null,
        null
      ],
      "/Users/robertyang/Desktop/Dev Bootcamp/Repositories/phase-3/Kendrick/config/initializers/backtrace_silencers.rb": [
        null,
        null,
        null,
        null,
        null,
        null,
        null
      ],
      "/Users/robertyang/Desktop/Dev Bootcamp/Repositories/phase-3/Kendrick/config/initializers/cookies_serializer.rb": [
        null,
        null,
        1
      ],
      "/Users/robertyang/Desktop/Dev Bootcamp/Repositories/phase-3/Kendrick/config/initializers/filter_parameter_logging.rb": [
        null,
        null,
        null,
        1
      ],
      "/Users/robertyang/Desktop/Dev Bootcamp/Repositories/phase-3/Kendrick/config/initializers/inflections.rb": [
        null,
        null,
        null,
        null,
        null,
        null,
        null,
        null,
        null,
        null,
        null,
        null,
        null,
        null,
        null,
        null
      ],
      "/Users/robertyang/Desktop/Dev Bootcamp/Repositories/phase-3/Kendrick/config/initializers/mime_types.rb": [
        null,
        null,
        null,
        null
      ],
      "/Users/robertyang/Desktop/Dev Bootcamp/Repositories/phase-3/Kendrick/config/initializers/session_store.rb": [
        null,
        null,
        1
      ],
      "/Users/robertyang/Desktop/Dev Bootcamp/Repositories/phase-3/Kendrick/config/initializers/wrap_parameters.rb": [
        null,
        null,
        null,
        null,
        null,
        null,
        1,
        1,
        null,
        null,
        null,
        null,
        null,
        null
      ],
      "/Users/robertyang/Desktop/Dev Bootcamp/Repositories/phase-3/Kendrick/spec/factories/comments.rb": [
        1,
        1,
        1,
        1,
        2,
        null,
        1,
        1,
        null,
        null,
        1,
        1,
        null,
        null,
        null,
        null
      ],
      "/Users/robertyang/Desktop/Dev Bootcamp/Repositories/phase-3/Kendrick/spec/factories/genres.rb": [
        null,
        1,
        1,
        3,
        null,
        1,
        1,
        null,
        null,
        null
      ],
      "/Users/robertyang/Desktop/Dev Bootcamp/Repositories/phase-3/Kendrick/spec/factories/reviews.rb": [
        1,
        1,
        1,
        1,
        null,
        10,
        null,
        1,
        1,
        null,
        null,
        1,
        1,
        null,
        null,
        null,
        null
      ],
      "/Users/robertyang/Desktop/Dev Bootcamp/Repositories/phase-3/Kendrick/spec/factories/users.rb": [
        1,
        1,
        30,
        30,
        30,
        30,
        30,
        28,
        null,
        1,
        1,
        null,
        null,
        1,
        1,
        null,
        null,
        1,
        1,
        null,
        null,
        1,
        1,
        null,
        null,
        1,
        1,
        null,
        null,
        1,
        1,
        null,
        null,
        1,
        1,
        null,
        null,
        1,
        1,
        null,
        null,
        null,
        null,
        null,
        null,
        null,
        null
      ],
      "/Users/robertyang/Desktop/Dev Bootcamp/Repositories/phase-3/Kendrick/config/routes.rb": [
        1,
        null,
        null,
        null,
        null,
        1,
        1,
        1,
        1,
        1,
        null,
        1,
        1,
        1,
        null,
        null,
        null,
        null,
        null,
        null,
        null,
        null,
        null,
        null,
        null,
        null,
        null,
        null,
        null,
        null,
        null,
        null,
        null,
        null,
        null,
        null,
        null,
        null,
        null,
        null,
        null,
        null,
        null,
        null,
        null,
        null,
        null,
        null,
        null,
        null,
        null,
        null,
        null,
        null,
        null,
        null,
        null,
        null,
        null,
        null,
        null,
        null,
        null,
        null,
        null,
        null,
        null,
        null
      ],
      "/Users/robertyang/Desktop/Dev Bootcamp/Repositories/phase-3/Kendrick/app/helpers/application_helper.rb": [
        1,
        null
      ],
      "/Users/robertyang/Desktop/Dev Bootcamp/Repositories/phase-3/Kendrick/app/controllers/genres_controller.rb": [
        1,
        null,
        1,
        1,
        null,
        null,
        1,
        1,
        1,
        1,
        null,
        null,
        null
      ],
      "/Users/robertyang/Desktop/Dev Bootcamp/Repositories/phase-3/Kendrick/app/controllers/application_controller.rb": [
        1,
        null,
        null,
        1,
        null
      ],
      "/Users/robertyang/Desktop/Dev Bootcamp/Repositories/phase-3/Kendrick/spec/controllers/reviews_controller_spec.rb": [
        1,
        null,
        1,
        null,
        1,
        1,
        1,
        1,
        1,
        null,
        null,
        1,
        1,
        1,
        1,
        null,
        null,
        null,
        1,
        1,
        1,
        1,
        null,
        null,
        1,
        1,
        1,
        null,
        null,
        null,
        1,
        3,
        null,
        null,
        1,
        1,
        null,
        1,
        0,
        null,
        null,
        1,
        0,
        0,
        null,
        null,
        null,
        null,
        null,
        null,
        null
      ],
      "/Users/robertyang/Desktop/Dev Bootcamp/Repositories/phase-3/Kendrick/app/controllers/reviews_controller.rb": [
        1,
        null,
        1,
        0,
        null,
        null,
        1,
        2,
        null,
        null,
        1,
        2,
        null,
        null,
        1,
        2,
        2,
        0,
        0,
        null,
        null,
        null,
        null,
        1,
        1,
        2,
        null,
        null
      ],
      "/Users/robertyang/Desktop/Dev Bootcamp/Repositories/phase-3/Kendrick/spec/controllers/user_controller_spec.rb": [
        1,
        null,
        1,
        null,
        1,
        1,
        1,
        1,
        1,
        null,
        null,
        1,
        1,
        1,
        1,
        null,
        null,
        null,
        1,
        1,
        1,
        1,
        null,
        null,
        1,
        1,
        1,
        null,
        null,
        null,
        null
      ],
      "/Users/robertyang/Desktop/Dev Bootcamp/Repositories/phase-3/Kendrick/app/controllers/users_controller.rb": [
        1,
        null,
        1,
        2,
        null,
        null,
        1,
        3,
        null,
        null,
        1,
        0,
        null,
        0,
        0,
        0,
        0,
        null,
        0,
        null,
        null,
        null,
        1,
        null,
        1,
        0,
        null,
        null,
        null
      ],
      "/Users/robertyang/Desktop/Dev Bootcamp/Repositories/phase-3/Kendrick/spec/features/signing_up_spec.rb": [
        1,
        null,
        1,
        null,
        1,
        1,
        1,
        1,
        0,
        0,
        0,
        0,
        0,
        0,
        0,
        null,
        null
      ],
      "/Users/robertyang/Desktop/Dev Bootcamp/Repositories/phase-3/Kendrick/spec/models/comment_spec.rb": [
        1,
        null,
        1,
        null,
        1,
        1,
        1,
        1,
        null,
        1,
        null,
        null,
        1,
        1,
        1,
        null,
        null,
        1,
        1,
        1,
        null,
        1,
        null,
        null,
        1,
        1,
        1,
        null,
        null,
        null,
        null
      ],
      "/Users/robertyang/Desktop/Dev Bootcamp/Repositories/phase-3/Kendrick/app/models/comment.rb": [
        1,
        null,
        1,
        1,
        1,
        null,
        1,
        1,
        null,
        null
      ],
      "/Users/robertyang/Desktop/Dev Bootcamp/Repositories/phase-3/Kendrick/spec/models/genre_spec.rb": [
        1,
        null,
        1,
        null,
        1,
        1,
        1,
        null,
        null,
        1,
        1,
        1,
        null,
        null,
        2,
        2,
        2,
        null,
        null
      ],
      "/Users/robertyang/Desktop/Dev Bootcamp/Repositories/phase-3/Kendrick/app/models/genre.rb": [
        1,
        null,
        1,
        null,
        1,
        1,
        null,
        null
      ],
      "/Users/robertyang/Desktop/Dev Bootcamp/Repositories/phase-3/Kendrick/spec/models/review_spec.rb": [
        1,
        null,
        1,
        null,
        1,
        1,
        1,
        1,
        null,
        1,
        null,
        null,
        1,
        1,
        1,
        null,
        null,
        1,
        1,
        1,
        null,
        1,
        null,
        null,
        1,
        1,
        1,
        null,
        null,
        2,
        null,
        null
      ],
      "/Users/robertyang/Desktop/Dev Bootcamp/Repositories/phase-3/Kendrick/app/models/review.rb": [
        1,
        null,
        1,
        1,
        1,
        null,
        1,
        1,
        null,
        1,
        null,
        null
      ],
      "/Users/robertyang/Desktop/Dev Bootcamp/Repositories/phase-3/Kendrick/spec/models/user_spec.rb": [
        1,
        null,
        1,
        null,
        1,
        1,
        1,
        null,
        null,
        1,
        1,
        1,
        null,
        null,
        1,
        1,
        1,
        null,
        null,
        1,
        1,
        1,
        null,
        null,
        1,
        1,
        1,
        null,
        null,
        1,
        1,
        1,
        null,
        null,
        1,
        1,
        1,
        null,
        null,
        1,
        1,
        1,
        null,
        null,
        1,
        1,
        1,
        null,
        null,
        1,
        1,
        1,
        null,
        null,
        null,
        2,
        2,
        null,
        null,
        null
      ],
      "/Users/robertyang/Desktop/Dev Bootcamp/Repositories/phase-3/Kendrick/app/models/user.rb": [
        1,
        1,
        null,
        1,
        1,
        1,
        1,
        1,
        1,
        1,
        null,
        1,
        null,
        1,
        1,
        1,
        null,
        1,
        1,
        null,
        1,
        1,
        null,
        null,
        1,
        0,
        null,
        null,
        null
      ],
      "/Users/robertyang/Desktop/Dev Bootcamp/Repositories/phase-3/Kendrick/spec/user_auth/users_spec.rb": [
        1,
        null,
        1,
        null,
        1,
        1,
        1,
        null,
        null,
        null,
        null,
        null,
        null,
        null,
        1,
        1,
        null,
        null,
        null,
        1,
        1,
        null,
        null,
        null,
        1,
        null,
        null,
        1,
        null,
        3,
        null,
        null,
        null,
        null,
        1,
        1,
        null,
        null,
        1,
        1,
        null,
        null,
        null,
        null,
        null
      ],
      "/Users/robertyang/Desktop/Dev Bootcamp/Repositories/phase-3/Kendrick/app/models/artist_genre.rb": [
        1,
        null,
        1,
        1,
        null
      ],
      "/Users/robertyang/Desktop/Dev Bootcamp/Repositories/phase-3/Kendrick/app/controllers/welcome_controller.rb": [
        1,
        1,
        null,
        null
      ]
    },
    "timestamp": 1416695790
  }
}
